0 info it worked if it ends with ok
1 verbose cli [ 'C:\\Program Files\\nodejs\\node.exe',
1 verbose cli   'C:\\Program Files\\nodejs\\node_modules\\npm\\bin\\npm-cli.js',
1 verbose cli   'install',
1 verbose cli   '–g',
1 verbose cli   'web-component-tester' ]
2 info using npm@3.10.3
3 info using node@v6.6.0
4 error arg Argument starts with non-ascii dash, this is probably invalid: [ '–g', 'web-component-tester' ]
5 silly loadCurrentTree Starting
6 silly install loadCurrentTree
7 silly install readLocalPackageData
8 silly fetchPackageMetaData –g
9 silly fetchPackageMetaData web-component-tester
10 silly fetchOtherPackageData –g
11 silly cache add args [ '–g', null ]
12 verbose cache add spec –g
13 silly fetchNamedPackageData web-component-tester
14 silly mapToRegistry name web-component-tester
15 silly mapToRegistry using default registry
16 silly mapToRegistry registry https://registry.npmjs.org/
17 silly mapToRegistry data Result {
17 silly mapToRegistry   raw: 'web-component-tester',
17 silly mapToRegistry   scope: null,
17 silly mapToRegistry   escapedName: 'web-component-tester',
17 silly mapToRegistry   name: 'web-component-tester',
17 silly mapToRegistry   rawSpec: '',
17 silly mapToRegistry   spec: 'latest',
17 silly mapToRegistry   type: 'tag' }
18 silly mapToRegistry uri https://registry.npmjs.org/web-component-tester
19 silly cache add parsed spec Result {
19 silly cache add   raw: '–g',
19 silly cache add   scope: null,
19 silly cache add   escapedName: null,
19 silly cache add   name: null,
19 silly cache add   rawSpec: '–g',
19 silly cache add   spec: 'D:\\dev\\polymer-demo\\–g',
19 silly cache add   type: 'local' }
20 error addLocal Could not install D:\dev\polymer-demo\–g
21 silly fetchPackageMetaData Error: ENOENT: no such file or directory, open 'D:\dev\polymer-demo\–g'
21 silly fetchPackageMetaData     at Error (native)
21 silly fetchPackageMetaData  error for –g { Error: ENOENT: no such file or directory, open 'D:\dev\polymer-demo\–g'
21 silly fetchPackageMetaData     at Error (native)
21 silly fetchPackageMetaData   errno: -4058,
21 silly fetchPackageMetaData   code: 'ENOENT',
21 silly fetchPackageMetaData   syscall: 'open',
21 silly fetchPackageMetaData   path: 'D:\\dev\\polymer-demo\\–g' }
22 verbose request uri https://registry.npmjs.org/web-component-tester
23 verbose request no auth needed
24 info attempt registry request try #1 at 1:03:14 PM
25 verbose request id 7dfeb8cb0c3045ed
26 verbose etag "CNDK2FM3F3AH62FH79WQ3XCRH"
27 http request GET https://registry.npmjs.org/web-component-tester
28 info retry will retry, error on last attempt: TypeError: The header content contains invalid characters
29 info attempt registry request try #2 at 1:03:24 PM
30 verbose etag "CNDK2FM3F3AH62FH79WQ3XCRH"
31 http request GET https://registry.npmjs.org/web-component-tester
32 info retry will retry, error on last attempt: TypeError: The header content contains invalid characters
33 info attempt registry request try #3 at 1:04:24 PM
34 verbose etag "CNDK2FM3F3AH62FH79WQ3XCRH"
35 http request GET https://registry.npmjs.org/web-component-tester
36 silly get cb [ 304, undefined ]
37 verbose etag https://registry.npmjs.org/web-component-tester from cache
38 verbose get saving web-component-tester to C:\Users\pruthvip\AppData\Roaming\npm-cache\registry.npmjs.org\web-component-tester\.cache.json
39 verbose correctMkdir C:\Users\pruthvip\AppData\Roaming\npm-cache correctMkdir not in flight; initializing
40 silly rollbackFailedOptional Starting
41 silly rollbackFailedOptional Finishing
42 silly runTopLevelLifecycles Starting
43 silly runTopLevelLifecycles Finishing
44 silly install printInstalled
45 verbose stack Error: ENOENT: no such file or directory, open 'D:\dev\polymer-demo\–g'
45 verbose stack     at Error (native)
46 verbose cwd D:\dev\polymer-demo
47 error Windows_NT 6.1.7601
48 error argv "C:\\Program Files\\nodejs\\node.exe" "C:\\Program Files\\nodejs\\node_modules\\npm\\bin\\npm-cli.js" "install" "–g" "web-component-tester"
49 error node v6.6.0
50 error npm  v3.10.3
51 error path D:\dev\polymer-demo\–g
52 error code ENOENT
53 error errno -4058
54 error syscall open
55 error enoent ENOENT: no such file or directory, open 'D:\dev\polymer-demo\–g'
56 error enoent ENOENT: no such file or directory, open 'D:\dev\polymer-demo\–g'
56 error enoent This is most likely not a problem with npm itself
56 error enoent and is related to npm not being able to find a file.
57 verbose exit [ -4058, true ]
